Removed @azure/communication-network-traversal@1.0.0-beta.2 because of docs package validation failure on 2021-07-21 22:22 +00:00
	npm ERR! code ETARGET
	npm ERR! notarget No matching version found for @azure/communication-common@^1.1.0.
	npm ERR! notarget In most cases you or one of your dependencies are requesting
	npm ERR! notarget a package version that doesn't exist.
	npm ERR! notarget 
	npm ERR! notarget It was specified as a dependency of '@azure/communication-network-traversal'
	npm ERR! notarget 
	System.Management.Automation.RemoteException
	npm ERR! A complete log of this run can be found in:
	npm ERR!     C:\Users\VssAdministrator\AppData\Roaming\npm-cache\_logs\2021-07-21T22_21_29_761Z-debug.log
Removed @azure/arm-app@1.0.0-beta.1 because of docs package validation failure on 2022-03-30 23:40 +00:00
	Hi from ReferenceAutomation for JavaScript
	{
	    "npm_package_sources": [
	        {
	            "name": "@azure/arm-app@1.0.0-beta.1"
	        }
	    ]
	}
	{ npm_package_sources: [ { name: '@azure/arm-app@1.0.0-beta.1' } ] }
	=== Install npm packages ===
	
	Start to install npm package @azure/arm-app@1.0.0-beta.1.
	[User Error]: Failed to install npm package @azure/arm-app@1.0.0-beta.1 with command: 
		npm install @azure/arm-app@1.0.0-beta.1 --prefix . 2>&1
Removed @azure/arm-app@1.0.0-beta.1 because of docs package validation failure on 2022-03-31 23:40 +00:00
	Hi from ReferenceAutomation for JavaScript
	{
	    "npm_package_sources": [
	        {
	            "name": "@azure/arm-app@1.0.0-beta.1"
	        }
	    ]
	}
	{ npm_package_sources: [ { name: '@azure/arm-app@1.0.0-beta.1' } ] }
	=== Install npm packages ===
	
	Start to install npm package @azure/arm-app@1.0.0-beta.1.
	[User Error]: Failed to install npm package @azure/arm-app@1.0.0-beta.1 with command: 
		npm install @azure/arm-app@1.0.0-beta.1 --prefix . 2>&1
Removed @azure/arm-app@1.0.0-beta.1 because of docs package validation failure on 2022-04-01 23:40 +00:00
	Hi from ReferenceAutomation for JavaScript
	{
	    "npm_package_sources": [
	        {
	            "name": "@azure/arm-app@1.0.0-beta.1"
	        }
	    ]
	}
	{ npm_package_sources: [ { name: '@azure/arm-app@1.0.0-beta.1' } ] }
	=== Install npm packages ===
	
	Start to install npm package @azure/arm-app@1.0.0-beta.1.
	[User Error]: Failed to install npm package @azure/arm-app@1.0.0-beta.1 with command: 
		npm install @azure/arm-app@1.0.0-beta.1 --prefix . 2>&1
Removed @azure/arm-app@1.0.0-beta.1 because of docs package validation failure on 2022-04-04 23:40 +00:00
	Hi from ReferenceAutomation for JavaScript
	{
	    "npm_package_sources": [
	        {
	            "name": "@azure/arm-app@1.0.0-beta.1"
	        }
	    ]
	}
	{ npm_package_sources: [ { name: '@azure/arm-app@1.0.0-beta.1' } ] }
	=== Install npm packages ===
	
	Start to install npm package @azure/arm-app@1.0.0-beta.1.
	[User Error]: Failed to install npm package @azure/arm-app@1.0.0-beta.1 with command: 
		npm install @azure/arm-app@1.0.0-beta.1 --prefix . 2>&1
Removed @azure/arm-app@1.0.0-beta.1 because of docs package validation failure on 2022-04-05 23:40 +00:00
	Hi from ReferenceAutomation for JavaScript
	{
	    "npm_package_sources": [
	        {
	            "name": "@azure/arm-app@1.0.0-beta.1"
	        }
	    ]
	}
	{ npm_package_sources: [ { name: '@azure/arm-app@1.0.0-beta.1' } ] }
	=== Install npm packages ===
	
	Start to install npm package @azure/arm-app@1.0.0-beta.1.
	[User Error]: Failed to install npm package @azure/arm-app@1.0.0-beta.1 with command: 
		npm install @azure/arm-app@1.0.0-beta.1 --prefix . 2>&1
Removed @azure/arm-app@1.0.0-beta.1 because of docs package validation failure on 2022-04-06 23:40 +00:00
	Hi from ReferenceAutomation for JavaScript
	{
	    "npm_package_sources": [
	        {
	            "name": "@azure/arm-app@1.0.0-beta.1"
	        }
	    ]
	}
	{ npm_package_sources: [ { name: '@azure/arm-app@1.0.0-beta.1' } ] }
	=== Install npm packages ===
	
	Start to install npm package @azure/arm-app@1.0.0-beta.1.
	[User Error]: Failed to install npm package @azure/arm-app@1.0.0-beta.1 with command: 
		npm install @azure/arm-app@1.0.0-beta.1 --prefix . 2>&1
Removed @azure/arm-app@1.0.0-beta.1 because of docs package validation failure on 2022-04-08 19:22 +00:00
	Hi from ReferenceAutomation for JavaScript
	{
	    "npm_package_sources": [
	        {
	            "name": "@azure/arm-app@1.0.0-beta.1"
	        }
	    ]
	}
	{ npm_package_sources: [ { name: '@azure/arm-app@1.0.0-beta.1' } ] }
	=== Install npm packages ===
	
	Start to install npm package @azure/arm-app@1.0.0-beta.1.
	[User Error]: Failed to install npm package @azure/arm-app@1.0.0-beta.1 with command: 
		npm install @azure/arm-app@1.0.0-beta.1 --prefix . 2>&1
Removed @azure/arm-app@1.0.0-beta.1 because of docs package validation failure on 2022-04-08 23:40 +00:00
	Hi from ReferenceAutomation for JavaScript
	{
	    "npm_package_sources": [
	        {
	            "name": "@azure/arm-app@1.0.0-beta.1"
	        }
	    ]
	}
	{ npm_package_sources: [ { name: '@azure/arm-app@1.0.0-beta.1' } ] }
	=== Install npm packages ===
	
	Start to install npm package @azure/arm-app@1.0.0-beta.1.
	[User Error]: Failed to install npm package @azure/arm-app@1.0.0-beta.1 with command: 
		npm install @azure/arm-app@1.0.0-beta.1 --prefix . 2>&1
Removed @azure/arm-app@1.0.0-beta.1 because of docs package validation failure on 2022-04-11 23:41 +00:00
	Hi from ReferenceAutomation for JavaScript
	{
	    "npm_package_sources": [
	        {
	            "name": "@azure/arm-app@1.0.0-beta.1"
	        }
	    ]
	}
	{ npm_package_sources: [ { name: '@azure/arm-app@1.0.0-beta.1' } ] }
	=== Install npm packages ===
	
	Start to install npm package @azure/arm-app@1.0.0-beta.1.
	[User Error]: Failed to install npm package @azure/arm-app@1.0.0-beta.1 with command: 
		npm install @azure/arm-app@1.0.0-beta.1 --prefix . 2>&1
Removed @azure/arm-app@1.0.0-beta.1 because of docs package validation failure on 2022-04-12 23:40 +00:00
	Hi from ReferenceAutomation for JavaScript
	{
	    "npm_package_sources": [
	        {
	            "name": "@azure/arm-app@1.0.0-beta.1"
	        }
	    ]
	}
	{ npm_package_sources: [ { name: '@azure/arm-app@1.0.0-beta.1' } ] }
	=== Install npm packages ===
	
	Start to install npm package @azure/arm-app@1.0.0-beta.1.
	[User Error]: Failed to install npm package @azure/arm-app@1.0.0-beta.1 with command: 
		npm install @azure/arm-app@1.0.0-beta.1 --prefix . 2>&1
Removed @azure/arm-app@1.0.0-beta.1 because of docs package validation failure on 2022-04-13 23:41 +00:00
	Hi from ReferenceAutomation for JavaScript
	{
	    "npm_package_sources": [
	        {
	            "name": "@azure/arm-app@1.0.0-beta.1"
	        }
	    ]
	}
	{ npm_package_sources: [ { name: '@azure/arm-app@1.0.0-beta.1' } ] }
	=== Install npm packages ===
	
	Start to install npm package @azure/arm-app@1.0.0-beta.1.
	[User Error]: Failed to install npm package @azure/arm-app@1.0.0-beta.1 with command: 
		npm install @azure/arm-app@1.0.0-beta.1 --prefix . 2>&1
Removed @azure/arm-app@1.0.0-beta.1 because of docs package validation failure on 2022-04-14 23:40 +00:00
	Hi from ReferenceAutomation for JavaScript
	{
	    "npm_package_sources": [
	        {
	            "name": "@azure/arm-app@1.0.0-beta.1"
	        }
	    ]
	}
	{ npm_package_sources: [ { name: '@azure/arm-app@1.0.0-beta.1' } ] }
	=== Install npm packages ===
	
	Start to install npm package @azure/arm-app@1.0.0-beta.1.
	[User Error]: Failed to install npm package @azure/arm-app@1.0.0-beta.1 with command: 
		npm install @azure/arm-app@1.0.0-beta.1 --prefix . 2>&1
Removed @azure/arm-app@1.0.0-beta.1 because of docs package validation failure on 2022-04-15 23:40 +00:00
	Hi from ReferenceAutomation for JavaScript
	{
	    "npm_package_sources": [
	        {
	            "name": "@azure/arm-app@1.0.0-beta.1"
	        }
	    ]
	}
	{ npm_package_sources: [ { name: '@azure/arm-app@1.0.0-beta.1' } ] }
	=== Install npm packages ===
	
	Start to install npm package @azure/arm-app@1.0.0-beta.1.
	[User Error]: Failed to install npm package @azure/arm-app@1.0.0-beta.1 with command: 
		npm install @azure/arm-app@1.0.0-beta.1 --prefix . 2>&1
Removed @azure/arm-app@1.0.0-beta.1 because of docs package validation failure on 2022-04-21 23:43 +00:00
	Hi from ReferenceAutomation for JavaScript
	{
	    "npm_package_sources": [
	        {
	            "name": "@azure/arm-app@1.0.0-beta.1"
	        }
	    ]
	}
	{ npm_package_sources: [ { name: '@azure/arm-app@1.0.0-beta.1' } ] }
	=== Install npm packages ===
	
	Start to install npm package @azure/arm-app@1.0.0-beta.1.
	[User Error]: Failed to install npm package @azure/arm-app@1.0.0-beta.1 with command: 
		npm install @azure/arm-app@1.0.0-beta.1 --prefix . 2>&1
Removed @azure/arm-app@1.0.0-beta.1 because of docs package validation failure on 2022-04-22 23:40 +00:00
	Hi from ReferenceAutomation for JavaScript
	{
	    "npm_package_sources": [
	        {
	            "name": "@azure/arm-app@1.0.0-beta.1"
	        }
	    ]
	}
	{ npm_package_sources: [ { name: '@azure/arm-app@1.0.0-beta.1' } ] }
	=== Install npm packages ===
	
	Start to install npm package @azure/arm-app@1.0.0-beta.1.
	[User Error]: Failed to install npm package @azure/arm-app@1.0.0-beta.1 with command: 
		npm install @azure/arm-app@1.0.0-beta.1 --prefix . 2>&1
Removed @azure/arm-app@1.0.0-beta.1 because of docs package validation failure on 2022-04-25 23:41 +00:00
	Hi from ReferenceAutomation for JavaScript
	{
	    "npm_package_sources": [
	        {
	            "name": "@azure/arm-app@1.0.0-beta.1"
	        }
	    ]
	}
	{ npm_package_sources: [ { name: '@azure/arm-app@1.0.0-beta.1' } ] }
	=== Install npm packages ===
	
	Start to install npm package @azure/arm-app@1.0.0-beta.1.
	[User Error]: Failed to install npm package @azure/arm-app@1.0.0-beta.1 with command: 
		npm install @azure/arm-app@1.0.0-beta.1 --prefix . 2>&1
Removed @azure/arm-app@1.0.0-beta.1 because of docs package validation failure on 2022-04-26 23:42 +00:00
	Hi from ReferenceAutomation for JavaScript
	{
	    "npm_package_sources": [
	        {
	            "name": "@azure/arm-app@1.0.0-beta.1"
	        }
	    ]
	}
	{ npm_package_sources: [ { name: '@azure/arm-app@1.0.0-beta.1' } ] }
	=== Install npm packages ===
	
	Start to install npm package @azure/arm-app@1.0.0-beta.1.
	[User Error]: Failed to install npm package @azure/arm-app@1.0.0-beta.1 with command: 
		npm install @azure/arm-app@1.0.0-beta.1 --prefix . 2>&1
Removed @azure/arm-app@1.0.0-beta.1 because of docs package validation failure on 2022-04-27 23:41 +00:00
	Hi from ReferenceAutomation for JavaScript
	{
	    "npm_package_sources": [
	        {
	            "name": "@azure/arm-app@1.0.0-beta.1"
	        }
	    ]
	}
	{ npm_package_sources: [ { name: '@azure/arm-app@1.0.0-beta.1' } ] }
	=== Install npm packages ===
	
	Start to install npm package @azure/arm-app@1.0.0-beta.1.
	[User Error]: Failed to install npm package @azure/arm-app@1.0.0-beta.1 with command: 
		npm install @azure/arm-app@1.0.0-beta.1 --prefix . 2>&1
Removed @azure/arm-app@1.0.0-beta.1 because of docs package validation failure on 2022-04-28 23:42 +00:00
	Hi from ReferenceAutomation for JavaScript
	{
	    "npm_package_sources": [
	        {
	            "name": "@azure/arm-app@1.0.0-beta.1"
	        }
	    ]
	}
	{ npm_package_sources: [ { name: '@azure/arm-app@1.0.0-beta.1' } ] }
	=== Install npm packages ===
	
	Start to install npm package @azure/arm-app@1.0.0-beta.1.
	[User Error]: Failed to install npm package @azure/arm-app@1.0.0-beta.1 with command: 
		npm install @azure/arm-app@1.0.0-beta.1 --prefix . 2>&1
Removed @azure/arm-app@1.0.0-beta.1 because of docs package validation failure on 2022-04-29 23:42 +00:00
	Hi from ReferenceAutomation for JavaScript
	{
	    "npm_package_sources": [
	        {
	            "name": "@azure/arm-app@1.0.0-beta.1"
	        }
	    ]
	}
	{ npm_package_sources: [ { name: '@azure/arm-app@1.0.0-beta.1' } ] }
	=== Install npm packages ===
	
	Start to install npm package @azure/arm-app@1.0.0-beta.1.
	[User Error]: Failed to install npm package @azure/arm-app@1.0.0-beta.1 with command: 
		npm install @azure/arm-app@1.0.0-beta.1 --prefix . 2>&1
Removed @azure/arm-app@1.0.0-beta.1 because of docs package validation failure on 2022-05-02 23:42 +00:00
	Hi from ReferenceAutomation for JavaScript
	{
	    "npm_package_sources": [
	        {
	            "name": "@azure/arm-app@1.0.0-beta.1"
	        }
	    ]
	}
	{ npm_package_sources: [ { name: '@azure/arm-app@1.0.0-beta.1' } ] }
	=== Install npm packages ===
	
	Start to install npm package @azure/arm-app@1.0.0-beta.1.
	[User Error]: Failed to install npm package @azure/arm-app@1.0.0-beta.1 with command: 
		npm install @azure/arm-app@1.0.0-beta.1 --prefix . 2>&1
Removed @azure/arm-app@1.0.0-beta.1 because of docs package validation failure on 2022-05-03 23:40 +00:00
	Hi from ReferenceAutomation for JavaScript
	{
	    "npm_package_sources": [
	        {
	            "name": "@azure/arm-app@1.0.0-beta.1"
	        }
	    ]
	}
	{ npm_package_sources: [ { name: '@azure/arm-app@1.0.0-beta.1' } ] }
	=== Install npm packages ===
	
	Start to install npm package @azure/arm-app@1.0.0-beta.1.
	[User Error]: Failed to install npm package @azure/arm-app@1.0.0-beta.1 with command: 
		npm install @azure/arm-app@1.0.0-beta.1 --prefix . 2>&1
Removed @azure/arm-app@1.0.0-beta.1 because of docs package validation failure on 2022-05-04 23:41 +00:00
	Hi from ReferenceAutomation for JavaScript
	{
	    "npm_package_sources": [
	        {
	            "name": "@azure/arm-app@1.0.0-beta.1"
	        }
	    ]
	}
	{ npm_package_sources: [ { name: '@azure/arm-app@1.0.0-beta.1' } ] }
	=== Install npm packages ===
	
	Start to install npm package @azure/arm-app@1.0.0-beta.1.
	[User Error]: Failed to install npm package @azure/arm-app@1.0.0-beta.1 with command: 
		npm install @azure/arm-app@1.0.0-beta.1 --prefix . 2>&1
Removed @azure/arm-app@1.0.0-beta.1 because of docs package validation failure on 2022-05-05 23:43 +00:00
	Hi from ReferenceAutomation for JavaScript
	{
	    "npm_package_sources": [
	        {
	            "name": "@azure/arm-app@1.0.0-beta.1"
	        }
	    ]
	}
	{ npm_package_sources: [ { name: '@azure/arm-app@1.0.0-beta.1' } ] }
	=== Install npm packages ===
	
	Start to install npm package @azure/arm-app@1.0.0-beta.1.
	[User Error]: Failed to install npm package @azure/arm-app@1.0.0-beta.1 with command: 
		npm install @azure/arm-app@1.0.0-beta.1 --prefix . 2>&1
Removed @azure/arm-app@1.0.0-beta.1 because of docs package validation failure on 2022-05-06 23:40 +00:00
	Hi from ReferenceAutomation for JavaScript
	{
	    "npm_package_sources": [
	        {
	            "name": "@azure/arm-app@1.0.0-beta.1"
	        }
	    ]
	}
	{ npm_package_sources: [ { name: '@azure/arm-app@1.0.0-beta.1' } ] }
	=== Install npm packages ===
	
	Start to install npm package @azure/arm-app@1.0.0-beta.1.
	[User Error]: Failed to install npm package @azure/arm-app@1.0.0-beta.1 with command: 
		npm install @azure/arm-app@1.0.0-beta.1 --prefix . 2>&1
Removed @azure/arm-app@1.0.0-beta.1 because of docs package validation failure on 2022-05-09 23:40 +00:00
	Hi from ReferenceAutomation for JavaScript
	{
	    "npm_package_sources": [
	        {
	            "name": "@azure/arm-app@1.0.0-beta.1"
	        }
	    ]
	}
	{ npm_package_sources: [ { name: '@azure/arm-app@1.0.0-beta.1' } ] }
	=== Install npm packages ===
	
	Start to install npm package @azure/arm-app@1.0.0-beta.1.
	[User Error]: Failed to install npm package @azure/arm-app@1.0.0-beta.1 with command: 
		npm install @azure/arm-app@1.0.0-beta.1 --prefix . 2>&1
Removed @azure/arm-app@1.0.0-beta.1 because of docs package validation failure on 2022-05-10 23:40 +00:00
	Hi from ReferenceAutomation for JavaScript
	{
	    "npm_package_sources": [
	        {
	            "name": "@azure/arm-app@1.0.0-beta.1"
	        }
	    ]
	}
	{ npm_package_sources: [ { name: '@azure/arm-app@1.0.0-beta.1' } ] }
	=== Install npm packages ===
	
	Start to install npm package @azure/arm-app@1.0.0-beta.1.
	[User Error]: Failed to install npm package @azure/arm-app@1.0.0-beta.1 with command: 
		npm install @azure/arm-app@1.0.0-beta.1 --prefix . 2>&1
Removed @azure/arm-app@1.0.0-beta.1 because of docs package validation failure on 2022-05-11 23:41 +00:00
	Hi from ReferenceAutomation for JavaScript
	{
	    "npm_package_sources": [
	        {
	            "name": "@azure/arm-app@1.0.0-beta.1"
	        }
	    ]
	}
	{ npm_package_sources: [ { name: '@azure/arm-app@1.0.0-beta.1' } ] }
	=== Install npm packages ===
	
	Start to install npm package @azure/arm-app@1.0.0-beta.1.
	[User Error]: Failed to install npm package @azure/arm-app@1.0.0-beta.1 with command: 
		npm install @azure/arm-app@1.0.0-beta.1 --prefix . 2>&1
Removed @azure/arm-app@1.0.0-beta.1 because of docs package validation failure on 2022-05-12 23:41 +00:00
	Hi from ReferenceAutomation for JavaScript
	{
	    "npm_package_sources": [
	        {
	            "name": "@azure/arm-app@1.0.0-beta.1"
	        }
	    ]
	}
	{ npm_package_sources: [ { name: '@azure/arm-app@1.0.0-beta.1' } ] }
	=== Install npm packages ===
	
	Start to install npm package @azure/arm-app@1.0.0-beta.1.
	[User Error]: Failed to install npm package @azure/arm-app@1.0.0-beta.1 with command: 
		npm install @azure/arm-app@1.0.0-beta.1 --prefix . 2>&1
Removed @azure/arm-app@1.0.0-beta.1 because of docs package validation failure on 2022-05-13 23:40 +00:00
	Hi from ReferenceAutomation for JavaScript
	{
	    "npm_package_sources": [
	        {
	            "name": "@azure/arm-app@1.0.0-beta.1"
	        }
	    ]
	}
	{ npm_package_sources: [ { name: '@azure/arm-app@1.0.0-beta.1' } ] }
	=== Install npm packages ===
	
	Start to install npm package @azure/arm-app@1.0.0-beta.1.
	[User Error]: Failed to install npm package @azure/arm-app@1.0.0-beta.1 with command: 
		npm install @azure/arm-app@1.0.0-beta.1 --prefix . 2>&1
Removed @azure/arm-app@1.0.0-beta.1 because of docs package validation failure on 2022-05-16 23:42 +00:00
	Hi from ReferenceAutomation for JavaScript
	{
	    "npm_package_sources": [
	        {
	            "name": "@azure/arm-app@1.0.0-beta.1"
	        }
	    ]
	}
	{ npm_package_sources: [ { name: '@azure/arm-app@1.0.0-beta.1' } ] }
	=== Install npm packages ===
	
	Start to install npm package @azure/arm-app@1.0.0-beta.1.
	[User Error]: Failed to install npm package @azure/arm-app@1.0.0-beta.1 with command: 
		npm install @azure/arm-app@1.0.0-beta.1 --prefix . 2>&1
Removed @azure/arm-app@1.0.0-beta.1 because of docs package validation failure on 2022-05-17 23:40 +00:00
	Hi from ReferenceAutomation for JavaScript
	{
	    "npm_package_sources": [
	        {
	            "name": "@azure/arm-app@1.0.0-beta.1"
	        }
	    ]
	}
	{ npm_package_sources: [ { name: '@azure/arm-app@1.0.0-beta.1' } ] }
	=== Install npm packages ===
	
	Start to install npm package @azure/arm-app@1.0.0-beta.1.
	[User Error]: Failed to install npm package @azure/arm-app@1.0.0-beta.1 with command: 
		npm install @azure/arm-app@1.0.0-beta.1 --prefix . 2>&1
Removed @azure/arm-app@1.0.0-beta.1 because of docs package validation failure on 2022-05-18 23:44 +00:00
	Hi from ReferenceAutomation for JavaScript
	{
	    "npm_package_sources": [
	        {
	            "name": "@azure/arm-app@1.0.0-beta.1"
	        }
	    ]
	}
	{ npm_package_sources: [ { name: '@azure/arm-app@1.0.0-beta.1' } ] }
	=== Install npm packages ===
	
	Start to install npm package @azure/arm-app@1.0.0-beta.1.
	[User Error]: Failed to install npm package @azure/arm-app@1.0.0-beta.1 with command: 
		npm install @azure/arm-app@1.0.0-beta.1 --prefix . 2>&1
Removed @azure/arm-app@1.0.0-beta.1 because of docs package validation failure on 2022-05-19 23:44 +00:00
	Hi from ReferenceAutomation for JavaScript
	{
	    "npm_package_sources": [
	        {
	            "name": "@azure/arm-app@1.0.0-beta.1"
	        }
	    ]
	}
	{ npm_package_sources: [ { name: '@azure/arm-app@1.0.0-beta.1' } ] }
	=== Install npm packages ===
	
	Start to install npm package @azure/arm-app@1.0.0-beta.1.
	[User Error]: Failed to install npm package @azure/arm-app@1.0.0-beta.1 with command: 
		npm install @azure/arm-app@1.0.0-beta.1 --prefix . 2>&1
Removed @azure/arm-app@1.0.0-beta.1 because of docs package validation failure on 2022-05-20 23:43 +00:00
	Hi from ReferenceAutomation for JavaScript
	{
	    "npm_package_sources": [
	        {
	            "name": "@azure/arm-app@1.0.0-beta.1"
	        }
	    ]
	}
	{ npm_package_sources: [ { name: '@azure/arm-app@1.0.0-beta.1' } ] }
	=== Install npm packages ===
	
	Start to install npm package @azure/arm-app@1.0.0-beta.1.
	[User Error]: Failed to install npm package @azure/arm-app@1.0.0-beta.1 with command: 
		npm install @azure/arm-app@1.0.0-beta.1 --prefix . 2>&1
Removed @azure/arm-app@1.0.0-beta.1 because of docs package validation failure on 2022-05-23 23:41 +00:00
	Hi from ReferenceAutomation for JavaScript
	{
	    "npm_package_sources": [
	        {
	            "name": "@azure/arm-app@1.0.0-beta.1"
	        }
	    ]
	}
	{ npm_package_sources: [ { name: '@azure/arm-app@1.0.0-beta.1' } ] }
	=== Install npm packages ===
	
	Start to install npm package @azure/arm-app@1.0.0-beta.1.
	[User Error]: Failed to install npm package @azure/arm-app@1.0.0-beta.1 with command: 
		npm install @azure/arm-app@1.0.0-beta.1 --prefix . 2>&1
Removed @azure/arm-app@1.0.0-beta.1 because of docs package validation failure on 2022-05-24 23:43 +00:00
	Hi from ReferenceAutomation for JavaScript
	{
	    "npm_package_sources": [
	        {
	            "name": "@azure/arm-app@1.0.0-beta.1"
	        }
	    ]
	}
	{ npm_package_sources: [ { name: '@azure/arm-app@1.0.0-beta.1' } ] }
	=== Install npm packages ===
	
	Start to install npm package @azure/arm-app@1.0.0-beta.1.
	[User Error]: Failed to install npm package @azure/arm-app@1.0.0-beta.1 with command: 
		npm install @azure/arm-app@1.0.0-beta.1 --prefix . 2>&1
Removed @azure/arm-app@1.0.0-beta.1 because of docs package validation failure on 2022-05-25 23:41 +00:00
	Hi from ReferenceAutomation for JavaScript
	{
	    "npm_package_sources": [
	        {
	            "name": "@azure/arm-app@1.0.0-beta.1"
	        }
	    ]
	}
	{ npm_package_sources: [ { name: '@azure/arm-app@1.0.0-beta.1' } ] }
	=== Install npm packages ===
	
	Start to install npm package @azure/arm-app@1.0.0-beta.1.
	[User Error]: Failed to install npm package @azure/arm-app@1.0.0-beta.1 with command: 
		npm install @azure/arm-app@1.0.0-beta.1 --prefix . 2>&1
Removed @azure/arm-app@1.0.0-beta.1 because of docs package validation failure on 2022-05-26 23:43 +00:00
	Hi from ReferenceAutomation for JavaScript
	{
	    "npm_package_sources": [
	        {
	            "name": "@azure/arm-app@1.0.0-beta.1"
	        }
	    ]
	}
	{ npm_package_sources: [ { name: '@azure/arm-app@1.0.0-beta.1' } ] }
	=== Install npm packages ===
	
	Start to install npm package @azure/arm-app@1.0.0-beta.1.
	[User Error]: Failed to install npm package @azure/arm-app@1.0.0-beta.1 with command: 
		npm install @azure/arm-app@1.0.0-beta.1 --prefix . 2>&1
Removed @azure/arm-app@1.0.0-beta.1 because of docs package validation failure on 2022-05-27 23:41 +00:00
	Hi from ReferenceAutomation for JavaScript
	{
	    "npm_package_sources": [
	        {
	            "name": "@azure/arm-app@1.0.0-beta.1"
	        }
	    ]
	}
	{ npm_package_sources: [ { name: '@azure/arm-app@1.0.0-beta.1' } ] }
	=== Install npm packages ===
	
	Start to install npm package @azure/arm-app@1.0.0-beta.1.
	[User Error]: Failed to install npm package @azure/arm-app@1.0.0-beta.1 with command: 
		npm install @azure/arm-app@1.0.0-beta.1 --prefix . 2>&1
Removed @azure/arm-app@1.0.0-beta.1 because of docs package validation failure on 2022-05-30 23:42 +00:00
	Hi from ReferenceAutomation for JavaScript
	{
	    "npm_package_sources": [
	        {
	            "name": "@azure/arm-app@1.0.0-beta.1"
	        }
	    ]
	}
	{ npm_package_sources: [ { name: '@azure/arm-app@1.0.0-beta.1' } ] }
	=== Install npm packages ===
	
	Start to install npm package @azure/arm-app@1.0.0-beta.1.
	[User Error]: Failed to install npm package @azure/arm-app@1.0.0-beta.1 with command: 
		npm install @azure/arm-app@1.0.0-beta.1 --prefix . 2>&1
Removed @azure/arm-app@1.0.0-beta.1 because of docs package validation failure on 2022-05-31 23:44 +00:00
	Hi from ReferenceAutomation for JavaScript
	{
	    "npm_package_sources": [
	        {
	            "name": "@azure/arm-app@1.0.0-beta.1"
	        }
	    ]
	}
	{ npm_package_sources: [ { name: '@azure/arm-app@1.0.0-beta.1' } ] }
	=== Install npm packages ===
	
	Start to install npm package @azure/arm-app@1.0.0-beta.1.
	[User Error]: Failed to install npm package @azure/arm-app@1.0.0-beta.1 with command: 
		npm install @azure/arm-app@1.0.0-beta.1 --prefix . 2>&1
Removed @azure/arm-app@1.0.0-beta.1 because of docs package validation failure on 2022-06-01 23:11 +00:00
	Hi from ReferenceAutomation for JavaScript
	{
	    "npm_package_sources": [
	        {
	            "name": "@azure/arm-app@1.0.0-beta.1"
	        }
	    ]
	}
	{ npm_package_sources: [ { name: '@azure/arm-app@1.0.0-beta.1' } ] }
	=== Install npm packages ===
	
	Start to install npm package @azure/arm-app@1.0.0-beta.1.
	[User Error]: Failed to install npm package @azure/arm-app@1.0.0-beta.1 with command: 
		npm install @azure/arm-app@1.0.0-beta.1 --prefix . 2>&1
Removed @azure/arm-app@1.0.0-beta.1 because of docs package validation failure on 2022-06-02 23:11 +00:00
	Hi from ReferenceAutomation for JavaScript
	{
	    "npm_package_sources": [
	        {
	            "name": "@azure/arm-app@1.0.0-beta.1"
	        }
	    ]
	}
	{ npm_package_sources: [ { name: '@azure/arm-app@1.0.0-beta.1' } ] }
	=== Install npm packages ===
	
	Start to install npm package @azure/arm-app@1.0.0-beta.1.
	[User Error]: Failed to install npm package @azure/arm-app@1.0.0-beta.1 with command: 
		npm install @azure/arm-app@1.0.0-beta.1 --prefix . 2>&1
Removed @azure/arm-app@1.0.0-beta.1 because of docs package validation failure on 2022-06-03 23:11 +00:00
	Hi from ReferenceAutomation for JavaScript
	{
	    "npm_package_sources": [
	        {
	            "name": "@azure/arm-app@1.0.0-beta.1"
	        }
	    ]
	}
	{ npm_package_sources: [ { name: '@azure/arm-app@1.0.0-beta.1' } ] }
	=== Install npm packages ===
	
	Start to install npm package @azure/arm-app@1.0.0-beta.1.
	[User Error]: Failed to install npm package @azure/arm-app@1.0.0-beta.1 with command: 
		npm install @azure/arm-app@1.0.0-beta.1 --prefix . 2>&1
Removed @azure/arm-app@1.0.0-beta.1 because of docs package validation failure on 2022-06-06 23:11 +00:00
	Hi from ReferenceAutomation for JavaScript
	{
	    "npm_package_sources": [
	        {
	            "name": "@azure/arm-app@1.0.0-beta.1"
	        }
	    ]
	}
	{ npm_package_sources: [ { name: '@azure/arm-app@1.0.0-beta.1' } ] }
	=== Install npm packages ===
	
	Start to install npm package @azure/arm-app@1.0.0-beta.1.
	[User Error]: Failed to install npm package @azure/arm-app@1.0.0-beta.1 with command: 
		npm install @azure/arm-app@1.0.0-beta.1 --prefix . 2>&1
Removed @azure/arm-app@1.0.0-beta.1 because of docs package validation failure on 2022-06-07 23:13 +00:00
	Hi from ReferenceAutomation for JavaScript
	{
	    "npm_package_sources": [
	        {
	            "name": "@azure/arm-app@1.0.0-beta.1"
	        }
	    ]
	}
	{ npm_package_sources: [ { name: '@azure/arm-app@1.0.0-beta.1' } ] }
	=== Install npm packages ===
	
	Start to install npm package @azure/arm-app@1.0.0-beta.1.
	[User Error]: Failed to install npm package @azure/arm-app@1.0.0-beta.1 with command: 
		npm install @azure/arm-app@1.0.0-beta.1 --prefix . 2>&1
Removed @azure/arm-app@1.0.0-beta.1 because of docs package validation failure on 2022-06-08 23:11 +00:00
	Hi from ReferenceAutomation for JavaScript
	{
	    "npm_package_sources": [
	        {
	            "name": "@azure/arm-app@1.0.0-beta.1"
	        }
	    ]
	}
	{ npm_package_sources: [ { name: '@azure/arm-app@1.0.0-beta.1' } ] }
	=== Install npm packages ===
	
	Start to install npm package @azure/arm-app@1.0.0-beta.1.
	[User Error]: Failed to install npm package @azure/arm-app@1.0.0-beta.1 with command: 
		npm install @azure/arm-app@1.0.0-beta.1 --prefix . 2>&1
Removed @azure/arm-app@1.0.0-beta.1 because of docs package validation failure on 2022-06-09 23:12 +00:00
	Hi from ReferenceAutomation for JavaScript
	{
	    "npm_package_sources": [
	        {
	            "name": "@azure/arm-app@1.0.0-beta.1"
	        }
	    ]
	}
	{ npm_package_sources: [ { name: '@azure/arm-app@1.0.0-beta.1' } ] }
	=== Install npm packages ===
	
	Start to install npm package @azure/arm-app@1.0.0-beta.1.
	[User Error]: Failed to install npm package @azure/arm-app@1.0.0-beta.1 with command: 
		npm install @azure/arm-app@1.0.0-beta.1 --prefix . 2>&1
Removed @azure/arm-app@1.0.0-beta.1 because of docs package validation failure on 2022-06-10 23:11 +00:00
	Hi from ReferenceAutomation for JavaScript
	{
	    "npm_package_sources": [
	        {
	            "name": "@azure/arm-app@1.0.0-beta.1"
	        }
	    ]
	}
	{ npm_package_sources: [ { name: '@azure/arm-app@1.0.0-beta.1' } ] }
	=== Install npm packages ===
	
	Start to install npm package @azure/arm-app@1.0.0-beta.1.
	[User Error]: Failed to install npm package @azure/arm-app@1.0.0-beta.1 with command: 
		npm install @azure/arm-app@1.0.0-beta.1 --prefix . 2>&1
Removed @azure/arm-app@1.0.0-beta.1 because of docs package validation failure on 2022-06-13 23:12 +00:00
	Hi from ReferenceAutomation for JavaScript
	{
	    "npm_package_sources": [
	        {
	            "name": "@azure/arm-app@1.0.0-beta.1"
	        }
	    ]
	}
	{ npm_package_sources: [ { name: '@azure/arm-app@1.0.0-beta.1' } ] }
	=== Install npm packages ===
	
	Start to install npm package @azure/arm-app@1.0.0-beta.1.
	[User Error]: Failed to install npm package @azure/arm-app@1.0.0-beta.1 with command: 
		npm install @azure/arm-app@1.0.0-beta.1 --prefix . 2>&1
Removed @azure/arm-app@1.0.0-beta.1 because of docs package validation failure on 2022-06-14 23:12 +00:00
	Hi from ReferenceAutomation for JavaScript
	{
	    "npm_package_sources": [
	        {
	            "name": "@azure/arm-app@1.0.0-beta.1"
	        }
	    ]
	}
	{ npm_package_sources: [ { name: '@azure/arm-app@1.0.0-beta.1' } ] }
	=== Install npm packages ===
	
	Start to install npm package @azure/arm-app@1.0.0-beta.1.
	[User Error]: Failed to install npm package @azure/arm-app@1.0.0-beta.1 with command: 
		npm install @azure/arm-app@1.0.0-beta.1 --prefix . 2>&1
Removed @azure/arm-app@1.0.0-beta.1 because of docs package validation failure on 2022-06-15 23:12 +00:00
	Hi from ReferenceAutomation for JavaScript
	{
	    "npm_package_sources": [
	        {
	            "name": "@azure/arm-app@1.0.0-beta.1"
	        }
	    ]
	}
	{ npm_package_sources: [ { name: '@azure/arm-app@1.0.0-beta.1' } ] }
	=== Install npm packages ===
	
	Start to install npm package @azure/arm-app@1.0.0-beta.1.
	[User Error]: Failed to install npm package @azure/arm-app@1.0.0-beta.1 with command: 
		npm install @azure/arm-app@1.0.0-beta.1 --prefix . 2>&1
Removed @azure/arm-app@1.0.0-beta.1 because of docs package validation failure on 2022-06-16 23:12 +00:00
	Hi from ReferenceAutomation for JavaScript
	{
	    "npm_package_sources": [
	        {
	            "name": "@azure/arm-app@1.0.0-beta.1"
	        }
	    ]
	}
	{ npm_package_sources: [ { name: '@azure/arm-app@1.0.0-beta.1' } ] }
	=== Install npm packages ===
	
	Start to install npm package @azure/arm-app@1.0.0-beta.1.
	[User Error]: Failed to install npm package @azure/arm-app@1.0.0-beta.1 with command: 
		npm install @azure/arm-app@1.0.0-beta.1 --prefix . 2>&1
Removed @azure/arm-app@1.0.0-beta.1 because of docs package validation failure on 2022-06-17 23:14 +00:00
	Hi from ReferenceAutomation for JavaScript
	{
	    "npm_package_sources": [
	        {
	            "name": "@azure/arm-app@1.0.0-beta.1"
	        }
	    ]
	}
	{ npm_package_sources: [ { name: '@azure/arm-app@1.0.0-beta.1' } ] }
	=== Install npm packages ===
	
	Start to install npm package @azure/arm-app@1.0.0-beta.1.
	[User Error]: Failed to install npm package @azure/arm-app@1.0.0-beta.1 with command: 
		npm install @azure/arm-app@1.0.0-beta.1 --prefix . 2>&1
Removed @azure/arm-app@1.0.0-beta.1 because of docs package validation failure on 2022-06-20 23:10 +00:00
	Hi from ReferenceAutomation for JavaScript
	{
	    "npm_package_sources": [
	        {
	            "name": "@azure/arm-app@1.0.0-beta.1"
	        }
	    ]
	}
	{ npm_package_sources: [ { name: '@azure/arm-app@1.0.0-beta.1' } ] }
	=== Install npm packages ===
	
	Start to install npm package @azure/arm-app@1.0.0-beta.1.
	[User Error]: Failed to install npm package @azure/arm-app@1.0.0-beta.1 with command: 
		npm install @azure/arm-app@1.0.0-beta.1 --prefix . 2>&1
Removed @azure/arm-app@1.0.0-beta.1 because of docs package validation failure on 2022-06-21 23:10 +00:00
	Hi from ReferenceAutomation for JavaScript
	{
	    "npm_package_sources": [
	        {
	            "name": "@azure/arm-app@1.0.0-beta.1"
	        }
	    ]
	}
	{ npm_package_sources: [ { name: '@azure/arm-app@1.0.0-beta.1' } ] }
	=== Install npm packages ===
	
	Start to install npm package @azure/arm-app@1.0.0-beta.1.
	[User Error]: Failed to install npm package @azure/arm-app@1.0.0-beta.1 with command: 
		npm install @azure/arm-app@1.0.0-beta.1 --prefix . 2>&1
Removed @azure/arm-app@1.0.0-beta.1 because of docs package validation failure on 2022-06-22 23:11 +00:00
	Hi from ReferenceAutomation for JavaScript
	{
	    "npm_package_sources": [
	        {
	            "name": "@azure/arm-app@1.0.0-beta.1"
	        }
	    ]
	}
	{ npm_package_sources: [ { name: '@azure/arm-app@1.0.0-beta.1' } ] }
	=== Install npm packages ===
	
	Start to install npm package @azure/arm-app@1.0.0-beta.1.
	[User Error]: Failed to install npm package @azure/arm-app@1.0.0-beta.1 with command: 
		npm install @azure/arm-app@1.0.0-beta.1 --prefix . 2>&1
Removed @azure/arm-app@1.0.0-beta.1 because of docs package validation failure on 2022-06-23 23:13 +00:00
	Hi from ReferenceAutomation for JavaScript
	{
	    "npm_package_sources": [
	        {
	            "name": "@azure/arm-app@1.0.0-beta.1"
	        }
	    ]
	}
	{ npm_package_sources: [ { name: '@azure/arm-app@1.0.0-beta.1' } ] }
	=== Install npm packages ===
	
	Start to install npm package @azure/arm-app@1.0.0-beta.1.
	[User Error]: Failed to install npm package @azure/arm-app@1.0.0-beta.1 with command: 
		npm install @azure/arm-app@1.0.0-beta.1 --prefix . 2>&1
Removed @azure/arm-app@1.0.0-beta.1 because of docs package validation failure on 2022-06-24 23:12 +00:00
	Hi from ReferenceAutomation for JavaScript
	{
	    "npm_package_sources": [
	        {
	            "name": "@azure/arm-app@1.0.0-beta.1"
	        }
	    ]
	}
	{ npm_package_sources: [ { name: '@azure/arm-app@1.0.0-beta.1' } ] }
	=== Install npm packages ===
	
	Start to install npm package @azure/arm-app@1.0.0-beta.1.
	[User Error]: Failed to install npm package @azure/arm-app@1.0.0-beta.1 with command: 
		npm install @azure/arm-app@1.0.0-beta.1 --prefix . 2>&1
Removed @azure/arm-app@1.0.0-beta.1 because of docs package validation failure on 2022-06-27 23:11 +00:00
	Hi from ReferenceAutomation for JavaScript
	{
	    "npm_package_sources": [
	        {
	            "name": "@azure/arm-app@1.0.0-beta.1"
	        }
	    ]
	}
	{ npm_package_sources: [ { name: '@azure/arm-app@1.0.0-beta.1' } ] }
	=== Install npm packages ===
	
	Start to install npm package @azure/arm-app@1.0.0-beta.1.
	[User Error]: Failed to install npm package @azure/arm-app@1.0.0-beta.1 with command: 
		npm install @azure/arm-app@1.0.0-beta.1 --prefix . 2>&1
Removed @azure/arm-app@1.0.0-beta.1 because of docs package validation failure on 2022-06-28 23:11 +00:00
	Hi from ReferenceAutomation for JavaScript
	{
	    "npm_package_sources": [
	        {
	            "name": "@azure/arm-app@1.0.0-beta.1"
	        }
	    ]
	}
	{ npm_package_sources: [ { name: '@azure/arm-app@1.0.0-beta.1' } ] }
	=== Install npm packages ===
	
	Start to install npm package @azure/arm-app@1.0.0-beta.1.
	[User Error]: Failed to install npm package @azure/arm-app@1.0.0-beta.1 with command: 
		npm install @azure/arm-app@1.0.0-beta.1 --prefix . 2>&1
Removed @azure/arm-app@1.0.0-beta.1 because of docs package validation failure on 2022-06-29 23:12 +00:00
	Hi from ReferenceAutomation for JavaScript
	{
	    "npm_package_sources": [
	        {
	            "name": "@azure/arm-app@1.0.0-beta.1"
	        }
	    ]
	}
	{ npm_package_sources: [ { name: '@azure/arm-app@1.0.0-beta.1' } ] }
	=== Install npm packages ===
	
	Start to install npm package @azure/arm-app@1.0.0-beta.1.
	[User Error]: Failed to install npm package @azure/arm-app@1.0.0-beta.1 with command: 
		npm install @azure/arm-app@1.0.0-beta.1 --prefix . 2>&1
Removed @azure/arm-app@1.0.0-beta.1 because of docs package validation failure on 2022-06-30 23:18 +00:00
	Hi from ReferenceAutomation for JavaScript
	{
	    "npm_package_sources": [
	        {
	            "name": "@azure/arm-app@1.0.0-beta.1"
	        }
	    ]
	}
	{ npm_package_sources: [ { name: '@azure/arm-app@1.0.0-beta.1' } ] }
	=== Install npm packages ===
	
	Start to install npm package @azure/arm-app@1.0.0-beta.1.
	[User Error]: Failed to install npm package @azure/arm-app@1.0.0-beta.1 with command: 
		npm install @azure/arm-app@1.0.0-beta.1 --prefix . 2>&1
Removed @azure/arm-app@1.0.0-beta.1 because of docs package validation failure on 2022-07-01 23:11 +00:00
	Hi from ReferenceAutomation for JavaScript
	{
	    "npm_package_sources": [
	        {
	            "name": "@azure/arm-app@1.0.0-beta.1"
	        }
	    ]
	}
	{ npm_package_sources: [ { name: '@azure/arm-app@1.0.0-beta.1' } ] }
	=== Install npm packages ===
	
	Start to install npm package @azure/arm-app@1.0.0-beta.1.
	[User Error]: Failed to install npm package @azure/arm-app@1.0.0-beta.1 with command: 
		npm install @azure/arm-app@1.0.0-beta.1 --prefix . 2>&1
Removed @azure/arm-app@1.0.0-beta.1 because of docs package validation failure on 2022-07-04 23:14 +00:00
	Hi from ReferenceAutomation for JavaScript
	{
	    "npm_package_sources": [
	        {
	            "name": "@azure/arm-app@1.0.0-beta.1"
	        }
	    ]
	}
	{ npm_package_sources: [ { name: '@azure/arm-app@1.0.0-beta.1' } ] }
	=== Install npm packages ===
	
	Start to install npm package @azure/arm-app@1.0.0-beta.1.
	[User Error]: Failed to install npm package @azure/arm-app@1.0.0-beta.1 with command: 
		npm install @azure/arm-app@1.0.0-beta.1 --prefix . 2>&1
Removed @azure/arm-app@1.0.0-beta.1 because of docs package validation failure on 2022-07-05 23:13 +00:00
	Hi from ReferenceAutomation for JavaScript
	{
	    "npm_package_sources": [
	        {
	            "name": "@azure/arm-app@1.0.0-beta.1"
	        }
	    ]
	}
	{ npm_package_sources: [ { name: '@azure/arm-app@1.0.0-beta.1' } ] }
	=== Install npm packages ===
	
	Start to install npm package @azure/arm-app@1.0.0-beta.1.
	[User Error]: Failed to install npm package @azure/arm-app@1.0.0-beta.1 with command: 
		npm install @azure/arm-app@1.0.0-beta.1 --prefix . 2>&1
Removed @azure/arm-app@1.0.0-beta.1 because of docs package validation failure on 2022-07-06 23:15 +00:00
	Hi from ReferenceAutomation for JavaScript
	{
	    "npm_package_sources": [
	        {
	            "name": "@azure/arm-app@1.0.0-beta.1"
	        }
	    ]
	}
	{ npm_package_sources: [ { name: '@azure/arm-app@1.0.0-beta.1' } ] }
	=== Install npm packages ===
	
	Start to install npm package @azure/arm-app@1.0.0-beta.1.
	[User Error]: Failed to install npm package @azure/arm-app@1.0.0-beta.1 with command: 
		npm install @azure/arm-app@1.0.0-beta.1 --prefix . 2>&1
Removed @azure/arm-app@1.0.0-beta.1 because of docs package validation failure on 2022-07-07 23:16 +00:00
	Hi from ReferenceAutomation for JavaScript
	{
	    "npm_package_sources": [
	        {
	            "name": "@azure/arm-app@1.0.0-beta.1"
	        }
	    ]
	}
	{ npm_package_sources: [ { name: '@azure/arm-app@1.0.0-beta.1' } ] }
	=== Install npm packages ===
	
	Start to install npm package @azure/arm-app@1.0.0-beta.1.
	[User Error]: Failed to install npm package @azure/arm-app@1.0.0-beta.1 with command: 
		npm install @azure/arm-app@1.0.0-beta.1 --prefix . 2>&1
Removed @azure/arm-app@1.0.0-beta.1 because of docs package validation failure on 2022-07-08 23:17 +00:00
	Hi from ReferenceAutomation for JavaScript
	{
	    "npm_package_sources": [
	        {
	            "name": "@azure/arm-app@1.0.0-beta.1"
	        }
	    ]
	}
	{ npm_package_sources: [ { name: '@azure/arm-app@1.0.0-beta.1' } ] }
	=== Install npm packages ===
	
	Start to install npm package @azure/arm-app@1.0.0-beta.1.
	[User Error]: Failed to install npm package @azure/arm-app@1.0.0-beta.1 with command: 
		npm install @azure/arm-app@1.0.0-beta.1 --prefix . 2>&1
Removed @azure/arm-app@1.0.0-beta.1 because of docs package validation failure on 2022-07-11 23:12 +00:00
	Hi from ReferenceAutomation for JavaScript
	{
	    "npm_package_sources": [
	        {
	            "name": "@azure/arm-app@1.0.0-beta.1"
	        }
	    ]
	}
	{ npm_package_sources: [ { name: '@azure/arm-app@1.0.0-beta.1' } ] }
	=== Install npm packages ===
	
	Start to install npm package @azure/arm-app@1.0.0-beta.1.
	[User Error]: Failed to install npm package @azure/arm-app@1.0.0-beta.1 with command: 
		npm install @azure/arm-app@1.0.0-beta.1 --prefix . 2>&1
Removed @azure/arm-app@1.0.0-beta.1 because of docs package validation failure on 2022-07-12 23:18 +00:00
	Hi from ReferenceAutomation for JavaScript
	{
	    "npm_package_sources": [
	        {
	            "name": "@azure/arm-app@1.0.0-beta.1"
	        }
	    ]
	}
	{ npm_package_sources: [ { name: '@azure/arm-app@1.0.0-beta.1' } ] }
	=== Install npm packages ===
	
	Start to install npm package @azure/arm-app@1.0.0-beta.1.
	[User Error]: Failed to install npm package @azure/arm-app@1.0.0-beta.1 with command: 
		npm install @azure/arm-app@1.0.0-beta.1 --prefix . 2>&1
Removed @azure/arm-app@1.0.0-beta.1 because of docs package validation failure on 2022-07-13 23:16 +00:00
	Hi from ReferenceAutomation for JavaScript
	{
	    "npm_package_sources": [
	        {
	            "name": "@azure/arm-app@1.0.0-beta.1"
	        }
	    ]
	}
	{ npm_package_sources: [ { name: '@azure/arm-app@1.0.0-beta.1' } ] }
	=== Install npm packages ===
	
	Start to install npm package @azure/arm-app@1.0.0-beta.1.
	[User Error]: Failed to install npm package @azure/arm-app@1.0.0-beta.1 with command: 
		npm install @azure/arm-app@1.0.0-beta.1 --prefix . 2>&1
Removed @azure/arm-app@1.0.0-beta.1 because of docs package validation failure on 2022-07-14 23:15 +00:00
	Hi from ReferenceAutomation for JavaScript
	{
	    "npm_package_sources": [
	        {
	            "name": "@azure/arm-app@1.0.0-beta.1"
	        }
	    ]
	}
	{ npm_package_sources: [ { name: '@azure/arm-app@1.0.0-beta.1' } ] }
	=== Install npm packages ===
	
	Start to install npm package @azure/arm-app@1.0.0-beta.1.
	[User Error]: Failed to install npm package @azure/arm-app@1.0.0-beta.1 with command: 
		npm install @azure/arm-app@1.0.0-beta.1 --prefix . 2>&1
Removed @azure/arm-app@1.0.0-beta.1 because of docs package validation failure on 2022-07-15 23:12 +00:00
	Hi from ReferenceAutomation for JavaScript
	{
	    "npm_package_sources": [
	        {
	            "name": "@azure/arm-app@1.0.0-beta.1"
	        }
	    ]
	}
	{ npm_package_sources: [ { name: '@azure/arm-app@1.0.0-beta.1' } ] }
	=== Install npm packages ===
	
	Start to install npm package @azure/arm-app@1.0.0-beta.1.
	[User Error]: Failed to install npm package @azure/arm-app@1.0.0-beta.1 with command: 
		npm install @azure/arm-app@1.0.0-beta.1 --prefix . 2>&1
Removed @azure/arm-app@1.0.0-beta.1 because of docs package validation failure on 2022-07-18 23:15 +00:00
	Hi from ReferenceAutomation for JavaScript
	{
	    "npm_package_sources": [
	        {
	            "name": "@azure/arm-app@1.0.0-beta.1"
	        }
	    ]
	}
	{ npm_package_sources: [ { name: '@azure/arm-app@1.0.0-beta.1' } ] }
	=== Install npm packages ===
	
	Start to install npm package @azure/arm-app@1.0.0-beta.1.
	[User Error]: Failed to install npm package @azure/arm-app@1.0.0-beta.1 with command: 
		npm install @azure/arm-app@1.0.0-beta.1 --prefix . 2>&1
Removed @azure/arm-app@1.0.0-beta.1 because of docs package validation failure on 2022-07-19 19:35 +00:00
	Hi from ReferenceAutomation for JavaScript
	{
	    "npm_package_sources": [
	        {
	            "name": "@azure/arm-app@1.0.0-beta.1"
	        }
	    ]
	}
	{ npm_package_sources: [ { name: '@azure/arm-app@1.0.0-beta.1' } ] }
	=== Install npm packages ===
	
	Start to install npm package @azure/arm-app@1.0.0-beta.1.
	[User Error]: Failed to install npm package @azure/arm-app@1.0.0-beta.1 with command: 
		npm install @azure/arm-app@1.0.0-beta.1 --prefix . 2>&1
Removed @azure/arm-app@1.0.0-beta.1 because of docs package validation failure on 2022-07-19 23:13 +00:00
	Hi from ReferenceAutomation for JavaScript
	{
	    "npm_package_sources": [
	        {
	            "name": "@azure/arm-app@1.0.0-beta.1"
	        }
	    ]
	}
	{ npm_package_sources: [ { name: '@azure/arm-app@1.0.0-beta.1' } ] }
	=== Install npm packages ===
	
	Start to install npm package @azure/arm-app@1.0.0-beta.1.
	[User Error]: Failed to install npm package @azure/arm-app@1.0.0-beta.1 with command: 
		npm install @azure/arm-app@1.0.0-beta.1 --prefix . 2>&1
Removed @azure/arm-app@1.0.0-beta.1 because of docs package validation failure on 2022-07-20 23:16 +00:00
	Hi from ReferenceAutomation for JavaScript
	{
	    "npm_package_sources": [
	        {
	            "name": "@azure/arm-app@1.0.0-beta.1"
	        }
	    ]
	}
	{ npm_package_sources: [ { name: '@azure/arm-app@1.0.0-beta.1' } ] }
	=== Install npm packages ===
	
	Start to install npm package @azure/arm-app@1.0.0-beta.1.
	[User Error]: Failed to install npm package @azure/arm-app@1.0.0-beta.1 with command: 
		npm install @azure/arm-app@1.0.0-beta.1 --prefix . 2>&1
Removed @azure/arm-app@1.0.0-beta.1 because of docs package validation failure on 2022-07-21 23:12 +00:00
	Hi from ReferenceAutomation for JavaScript
	{
	    "npm_package_sources": [
	        {
	            "name": "@azure/arm-app@1.0.0-beta.1"
	        }
	    ]
	}
	{ npm_package_sources: [ { name: '@azure/arm-app@1.0.0-beta.1' } ] }
	=== Install npm packages ===
	
	Start to install npm package @azure/arm-app@1.0.0-beta.1.
	[User Error]: Failed to install npm package @azure/arm-app@1.0.0-beta.1 with command: 
		npm install @azure/arm-app@1.0.0-beta.1 --prefix . 2>&1
Removed @azure/arm-app@1.0.0-beta.1 because of docs package validation failure on 2022-07-22 23:14 +00:00
	Hi from ReferenceAutomation for JavaScript
	{
	    "npm_package_sources": [
	        {
	            "name": "@azure/arm-app@1.0.0-beta.1"
	        }
	    ]
	}
	{ npm_package_sources: [ { name: '@azure/arm-app@1.0.0-beta.1' } ] }
	=== Install npm packages ===
	
	Start to install npm package @azure/arm-app@1.0.0-beta.1.
	[User Error]: Failed to install npm package @azure/arm-app@1.0.0-beta.1 with command: 
		npm install @azure/arm-app@1.0.0-beta.1 --prefix . 2>&1
Removed @azure/arm-app@1.0.0-beta.1 because of docs package validation failure on 2022-07-25 23:12 +00:00
	Hi from ReferenceAutomation for JavaScript
	{
	    "npm_package_sources": [
	        {
	            "name": "@azure/arm-app@1.0.0-beta.1"
	        }
	    ]
	}
	{ npm_package_sources: [ { name: '@azure/arm-app@1.0.0-beta.1' } ] }
	=== Install npm packages ===
	
	Start to install npm package @azure/arm-app@1.0.0-beta.1.
	[User Error]: Failed to install npm package @azure/arm-app@1.0.0-beta.1 with command: 
		npm install @azure/arm-app@1.0.0-beta.1 --prefix . 2>&1
