Removed @azure/communication-network-traversal@1.0.0 because of docs package validation failure on 2022-03-02 23:55 +00:00
	Hi from ReferenceAutomation for JavaScript
	{
	    "npm_package_sources": [
	        {
	            "name": "@azure/communication-network-traversal@1.0.0"
	        }
	    ]
	}
	{ npm_package_sources: [ { name: '@azure/communication-network-traversal@1.0.0' } ] }
	=== Install npm packages ===
	
	Start to install npm package @azure/communication-network-traversal@1.0.0.
	[User Error]: Failed to install npm package @azure/communication-network-traversal@1.0.0 with command: 
		npm install @azure/communication-network-traversal@1.0.0 --prefix . 2>&1
Removed @azure/communication-network-traversal@1.0.0 because of docs package validation failure on 2022-03-03 23:55 +00:00
	Hi from ReferenceAutomation for JavaScript
	{
	    "npm_package_sources": [
	        {
	            "name": "@azure/communication-network-traversal@1.0.0"
	        }
	    ]
	}
	{ npm_package_sources: [ { name: '@azure/communication-network-traversal@1.0.0' } ] }
	=== Install npm packages ===
	
	Start to install npm package @azure/communication-network-traversal@1.0.0.
	[User Error]: Failed to install npm package @azure/communication-network-traversal@1.0.0 with command: 
		npm install @azure/communication-network-traversal@1.0.0 --prefix . 2>&1
Removed @azure/communication-network-traversal@1.0.0 because of docs package validation failure on 2022-03-04 23:55 +00:00
	Hi from ReferenceAutomation for JavaScript
	{
	    "npm_package_sources": [
	        {
	            "name": "@azure/communication-network-traversal@1.0.0"
	        }
	    ]
	}
	{ npm_package_sources: [ { name: '@azure/communication-network-traversal@1.0.0' } ] }
	=== Install npm packages ===
	
	Start to install npm package @azure/communication-network-traversal@1.0.0.
	[User Error]: Failed to install npm package @azure/communication-network-traversal@1.0.0 with command: 
		npm install @azure/communication-network-traversal@1.0.0 --prefix . 2>&1
Removed @azure/communication-network-traversal@1.0.0 because of docs package validation failure on 2022-03-07 23:55 +00:00
	Hi from ReferenceAutomation for JavaScript
	{
	    "npm_package_sources": [
	        {
	            "name": "@azure/communication-network-traversal@1.0.0"
	        }
	    ]
	}
	{ npm_package_sources: [ { name: '@azure/communication-network-traversal@1.0.0' } ] }
	=== Install npm packages ===
	
	Start to install npm package @azure/communication-network-traversal@1.0.0.
	[User Error]: Failed to install npm package @azure/communication-network-traversal@1.0.0 with command: 
		npm install @azure/communication-network-traversal@1.0.0 --prefix . 2>&1
Removed @azure/communication-network-traversal@1.0.0 because of docs package validation failure on 2022-03-08 23:55 +00:00
	Hi from ReferenceAutomation for JavaScript
	{
	    "npm_package_sources": [
	        {
	            "name": "@azure/communication-network-traversal@1.0.0"
	        }
	    ]
	}
	{ npm_package_sources: [ { name: '@azure/communication-network-traversal@1.0.0' } ] }
	=== Install npm packages ===
	
	Start to install npm package @azure/communication-network-traversal@1.0.0.
	[User Error]: Failed to install npm package @azure/communication-network-traversal@1.0.0 with command: 
		npm install @azure/communication-network-traversal@1.0.0 --prefix . 2>&1
Removed @azure/communication-network-traversal@1.0.0 because of docs package validation failure on 2022-03-09 23:56 +00:00
	Hi from ReferenceAutomation for JavaScript
	{
	    "npm_package_sources": [
	        {
	            "name": "@azure/communication-network-traversal@1.0.0"
	        }
	    ]
	}
	{ npm_package_sources: [ { name: '@azure/communication-network-traversal@1.0.0' } ] }
	=== Install npm packages ===
	
	Start to install npm package @azure/communication-network-traversal@1.0.0.
	[User Error]: Failed to install npm package @azure/communication-network-traversal@1.0.0 with command: 
		npm install @azure/communication-network-traversal@1.0.0 --prefix . 2>&1
Removed @azure/communication-network-traversal@1.0.0 because of docs package validation failure on 2022-03-10 23:55 +00:00
	Hi from ReferenceAutomation for JavaScript
	{
	    "npm_package_sources": [
	        {
	            "name": "@azure/communication-network-traversal@1.0.0"
	        }
	    ]
	}
	{ npm_package_sources: [ { name: '@azure/communication-network-traversal@1.0.0' } ] }
	=== Install npm packages ===
	
	Start to install npm package @azure/communication-network-traversal@1.0.0.
	[User Error]: Failed to install npm package @azure/communication-network-traversal@1.0.0 with command: 
		npm install @azure/communication-network-traversal@1.0.0 --prefix . 2>&1
Removed @azure/communication-network-traversal@1.0.0 because of docs package validation failure on 2022-03-14 23:57 +00:00
	Hi from ReferenceAutomation for JavaScript
	{
	    "npm_package_sources": [
	        {
	            "name": "@azure/communication-network-traversal@1.0.0"
	        }
	    ]
	}
	{ npm_package_sources: [ { name: '@azure/communication-network-traversal@1.0.0' } ] }
	=== Install npm packages ===
	
	Start to install npm package @azure/communication-network-traversal@1.0.0.
	[User Error]: Failed to install npm package @azure/communication-network-traversal@1.0.0 with command: 
		npm install @azure/communication-network-traversal@1.0.0 --prefix . 2>&1
Removed azuremediaplayer@2.3.4 because of docs package validation failure on 2022-03-16 00:05 +00:00
	Hi from ReferenceAutomation for JavaScript
	{
	    "npm_package_sources": [
	        {
	            "name": "azuremediaplayer@2.3.4",
	            "registry": "https://pkgs.dev.azure.com/dagalvao/AzureMediaPlayerFeed/_packaging/AzureMediaPlayer/npm/registry/",
	            "folder": "."
	        }
	    ]
	}
	{ npm_package_sources:
	   [ { name: 'azuremediaplayer@2.3.4',
	       registry:
	        'https://pkgs.dev.azure.com/dagalvao/AzureMediaPlayerFeed/_packaging/AzureMediaPlayer/npm/registry/',
	       folder: '.' } ] }
	=== Install npm packages ===
	
	Start to install npm package azuremediaplayer@2.3.4.
	[User Error]: Failed to install npm package azuremediaplayer@2.3.4 with command: 
		npm install azuremediaplayer@2.3.4  --prefix . --registry https://pkgs.dev.azure.com/dagalvao/AzureMediaPlayerFeed/_packaging/AzureMediaPlayer/npm/registry/ 2>&1
Removed @azure/communication-network-traversal@1.0.0 because of docs package validation failure on 2022-03-16 00:05 +00:00
	Hi from ReferenceAutomation for JavaScript
	{
	    "npm_package_sources": [
	        {
	            "name": "@azure/communication-network-traversal@1.0.0"
	        }
	    ]
	}
	{ npm_package_sources: [ { name: '@azure/communication-network-traversal@1.0.0' } ] }
	=== Install npm packages ===
	
	Start to install npm package @azure/communication-network-traversal@1.0.0.
	[User Error]: Failed to install npm package @azure/communication-network-traversal@1.0.0 with command: 
		npm install @azure/communication-network-traversal@1.0.0 --prefix . 2>&1
Removed @azure/communication-network-traversal@1.0.0 because of docs package validation failure on 2022-03-16 23:57 +00:00
	Hi from ReferenceAutomation for JavaScript
	{
	    "npm_package_sources": [
	        {
	            "name": "@azure/communication-network-traversal@1.0.0"
	        }
	    ]
	}
	{ npm_package_sources: [ { name: '@azure/communication-network-traversal@1.0.0' } ] }
	=== Install npm packages ===
	
	Start to install npm package @azure/communication-network-traversal@1.0.0.
	[User Error]: Failed to install npm package @azure/communication-network-traversal@1.0.0 with command: 
		npm install @azure/communication-network-traversal@1.0.0 --prefix . 2>&1
Removed @azure/arm-machinelearningservices@5.0.0 because of docs package validation failure on 2022-04-04 23:57 +00:00
	Hi from ReferenceAutomation for JavaScript
	{
	    "npm_package_sources": [
	        {
	            "name": "@azure/arm-machinelearningservices@5.0.0"
	        }
	    ]
	}
	{ npm_package_sources: [ { name: '@azure/arm-machinelearningservices@5.0.0' } ] }
	=== Install npm packages ===
	
	Start to install npm package @azure/arm-machinelearningservices@5.0.0.
	[User Error]: Failed to install npm package @azure/arm-machinelearningservices@5.0.0 with command: 
		npm install @azure/arm-machinelearningservices@5.0.0 --prefix . 2>&1
